<?xml version="1.0" encoding="UTF-8"?>
<!-- Generated by org.testng.reporters.JUnitXMLReporter -->
<testsuite ignored="0" hostname="PF2NHKFK" failures="0" tests="4" name="Default test" time="5.914" errors="0" timestamp="2023-07-29T14:59:26 EDT">
  <testcase classname="api.test.UserTestsUsingPropertiesFileEndpoints" name="addUser" time="3.45"/>
  <testcase classname="api.test.UserTestsUsingPropertiesFileEndpoints" name="getUser" time="0.804"/>
  <testcase classname="api.test.UserTestsUsingPropertiesFileEndpoints" name="updateUser" time="0.811"/>
  <testcase classname="api.test.UserTestsUsingPropertiesFileEndpoints" name="deleteUser" time="0.758"/>
</testsuite> <!-- Default test -->
