<?xml version="1.0" encoding="UTF-8"?>
<testng-results ignored="0" total="4" passed="4" failed="0" skipped="0">
  <reporter-output>
  </reporter-output>
  <suite started-at="2023-07-29T14:59:20 EDT" name="Default suite" finished-at="2023-07-29T14:59:26 EDT" duration-ms="5914">
    <groups>
    </groups>
    <test started-at="2023-07-29T14:59:20 EDT" name="Default test" finished-at="2023-07-29T14:59:26 EDT" duration-ms="5914">
      <class name="api.test.UserTestsUsingPropertiesFileEndpoints">
        <test-method is-config="true" signature="beforeClass()[pri:0, instance:api.test.UserTestsUsingPropertiesFileEndpoints@17f9d882]" started-at="2023-07-29T14:59:20 EDT" name="beforeClass" finished-at="2023-07-29T14:59:20 EDT" duration-ms="26" status="PASS">
          <reporter-output>
          </reporter-output>
        </test-method> <!-- beforeClass -->
        <test-method is-config="true" signature="setup()[pri:0, instance:api.test.UserTestsUsingPropertiesFileEndpoints@17f9d882]" started-at="2023-07-29T14:59:20 EDT" name="setup" finished-at="2023-07-29T14:59:20 EDT" duration-ms="1" status="PASS">
          <reporter-output>
          </reporter-output>
        </test-method> <!-- setup -->
        <test-method signature="addUser()[pri:1, instance:api.test.UserTestsUsingPropertiesFileEndpoints@17f9d882]" started-at="2023-07-29T14:59:20 EDT" name="addUser" finished-at="2023-07-29T14:59:23 EDT" duration-ms="3450" status="PASS">
          <reporter-output>
          </reporter-output>
        </test-method> <!-- addUser -->
        <test-method is-config="true" signature="setup()[pri:0, instance:api.test.UserTestsUsingPropertiesFileEndpoints@17f9d882]" started-at="2023-07-29T14:59:23 EDT" name="setup" finished-at="2023-07-29T14:59:23 EDT" duration-ms="1" status="PASS">
          <reporter-output>
          </reporter-output>
        </test-method> <!-- setup -->
        <test-method signature="getUser()[pri:2, instance:api.test.UserTestsUsingPropertiesFileEndpoints@17f9d882]" started-at="2023-07-29T14:59:23 EDT" name="getUser" finished-at="2023-07-29T14:59:24 EDT" duration-ms="804" status="PASS">
          <reporter-output>
          </reporter-output>
        </test-method> <!-- getUser -->
        <test-method is-config="true" signature="setup()[pri:0, instance:api.test.UserTestsUsingPropertiesFileEndpoints@17f9d882]" started-at="2023-07-29T14:59:24 EDT" name="setup" finished-at="2023-07-29T14:59:24 EDT" duration-ms="1" status="PASS">
          <reporter-output>
          </reporter-output>
        </test-method> <!-- setup -->
        <test-method signature="updateUser()[pri:3, instance:api.test.UserTestsUsingPropertiesFileEndpoints@17f9d882]" started-at="2023-07-29T14:59:24 EDT" name="updateUser" finished-at="2023-07-29T14:59:25 EDT" depends-on-methods="api.test.UserTestsUsingPropertiesFileEndpoints.addUser" duration-ms="811" status="PASS">
          <reporter-output>
          </reporter-output>
        </test-method> <!-- updateUser -->
        <test-method is-config="true" signature="setup()[pri:0, instance:api.test.UserTestsUsingPropertiesFileEndpoints@17f9d882]" started-at="2023-07-29T14:59:25 EDT" name="setup" finished-at="2023-07-29T14:59:25 EDT" duration-ms="1" status="PASS">
          <reporter-output>
          </reporter-output>
        </test-method> <!-- setup -->
        <test-method signature="deleteUser()[pri:4, instance:api.test.UserTestsUsingPropertiesFileEndpoints@17f9d882]" started-at="2023-07-29T14:59:25 EDT" name="deleteUser" finished-at="2023-07-29T14:59:26 EDT" depends-on-methods="api.test.UserTestsUsingPropertiesFileEndpoints.updateUser" duration-ms="758" status="PASS">
          <reporter-output>
          </reporter-output>
        </test-method> <!-- deleteUser -->
      </class> <!-- api.test.UserTestsUsingPropertiesFileEndpoints -->
    </test> <!-- Default test -->
  </suite> <!-- Default suite -->
</testng-results>
