<?xml version="1.0" encoding="UTF-8"?>
<!-- Generated by org.testng.reporters.JUnitXMLReporter -->
<testsuite ignored="0" hostname="PF2NHKFK" failures="0" tests="4" name="PetTests" time="6.063" errors="0" timestamp="2023-07-29T14:09:08 EDT">
  <testcase classname="api.test.UserTests" name="addUser" time="3.237"/>
  <testcase classname="api.test.UserTests" name="getUser" time="0.839"/>
  <testcase classname="api.test.UserTests" name="updateUser" time="0.77"/>
  <testcase classname="api.test.UserTests" name="deleteUser" time="0.772"/>
</testsuite> <!-- PetTests -->
